C51 COMPILER V9.00   I2C                                                                   10/14/2017 09:49:57 PAGE 1   


C51 COMPILER V9.00, COMPILATION OF MODULE I2C
OBJECT MODULE PLACED IN .\list\i2c.obj
COMPILER INVOKED BY: D:\Keil\C51\BIN\C51.EXE i2c.c BROWSE DEBUG OBJECTEXTEND PRINT(.\list\i2c.lst) OBJECT(.\list\i2c.obj
                    -)

line level    source

   1          #include "i2c.h"
   2          #include "intrins.h"
   3          
   4          
   5          
   6          void delay()   //8us左右的延时函数
   7          {
   8   1              _nop_();_nop_();_nop_();_nop_();
   9   1              _nop_();_nop_();_nop_();_nop_();
  10   1              _nop_();_nop_();_nop_();_nop_();
  11   1              _nop_();_nop_();_nop_();_nop_();
  12   1              _nop_();_nop_();_nop_();_nop_();
  13   1              _nop_();_nop_();_nop_();_nop_();
  14   1              _nop_();_nop_();_nop_();_nop_();
  15   1              _nop_();_nop_();_nop_();_nop_();
  16   1              _nop_();_nop_();_nop_();_nop_();
  17   1              _nop_();_nop_();_nop_();_nop_();
  18   1      }
  19          
  20          
  21          void start()
  22          {
  23   1              sda=1;
  24   1              delay();
  25   1              scl=1;
  26   1              delay();
  27   1              sda=0;
  28   1              delay();
  29   1      }                //起始函数
  30          
  31          void stop()
  32          {
  33   1              sda=0;
  34   1              delay();
  35   1              scl=1;
  36   1              delay();
  37   1              sda=1;
  38   1              delay();
  39   1      }                        //停止函数
  40          
  41          void ack()
  42          {
  43   1              uchar i=0;
  44   1              scl=1;
  45   1              delay();
  46   1              while((sda==1)&&(i<200))
  47   1              {
  48   2                      i++;    
  49   2              }
  50   1              scl=0;  
  51   1              delay();
  52   1      }                        //       应答函数，在第9个脉冲时，当scl=1，sda应给与一个低电位作为应答
  53                                   //   如若一直没有应答，则在一段时间后，默认其应答。
  54          
C51 COMPILER V9.00   I2C                                                                   10/14/2017 09:49:57 PAGE 2   

  55          void i2c_write(uchar dat)
  56          {
  57   1              uchar temp1,i;
  58   1              temp1=dat;                      
  59   1              for(i=0;i<8;i++)
  60   1              { 
  61   2                      temp1<<=1;
  62   2                      scl=0;
  63   2                      delay();
  64   2                      sda=CY;
  65   2                      delay();
  66   2                      scl=1;
  67   2                      delay();                
  68   2              }
  69   1              scl=0;    
  70   1              delay();
  71   1              sda=1;   //一个字节发送后，应将sda拉高，scl拉低，为应答做准备。
  72   1              delay();
  73   1      }       //当temp1左移一位时，溢出的那一位将保存在CY中。一个脉冲读一位数。
  74          
  75          
  76          
  77          uchar i2c_read()
  78          {        
  79   1          uchar temp,i;
  80   1              scl=0;
  81   1              delay();
  82   1              sda=1;
  83   1              delay();
  84   1              for(i=0;i<8;i++)
  85   1              {       
  86   2                  scl=1;      //读取时，scl=1时，数据sda才是稳定的。
  87   2                  delay();
  88   2                      temp=(temp<<1)|sda;//将temp左移一位再和sda相或，即可将sda保存到temp中
  89   2                      scl=0;
  90   2                      delay();        
  91   2              }
  92   1              return temp;
  93   1      }
  94          
  95          
  96          
  97          


MODULE INFORMATION:   STATIC OVERLAYABLE
   CODE SIZE        =    157    ----
   CONSTANT SIZE    =   ----    ----
   XDATA SIZE       =   ----    ----
   PDATA SIZE       =   ----    ----
   DATA SIZE        =   ----    ----
   IDATA SIZE       =   ----    ----
   BIT SIZE         =   ----    ----
END OF MODULE INFORMATION.


C51 COMPILATION COMPLETE.  0 WARNING(S),  0 ERROR(S)
