C51 COMPILER V9.00   MAIN                                                                  10/14/2017 10:05:16 PAGE 1   


C51 COMPILER V9.00, COMPILATION OF MODULE MAIN
OBJECT MODULE PLACED IN .\list\main.obj
COMPILER INVOKED BY: D:\Keil\C51\BIN\C51.EXE main.c BROWSE DEBUG OBJECTEXTEND PRINT(.\list\main.lst) OBJECT(.\list\main.
                    -obj)

line level    source

   1          #include "main.h"
   2          #include "delay.h"
   3          #include "uart.h"
   4          #include "i2c.h"
   5          #include "vl53l0x.h"
   6          #include "stdio.h"
   7          
   8          /*
   9          *程序使用的串口为串口2，对应的是p1^0(rx2)和P1^1(tx2)引脚
  10          *i2c是软件模拟的，使用的引脚是p1^2(scl)和p1^3(sdl)
  11          */
  12          xdata unsigned char buf[30];
  13          xdata unsigned int val = 0;
  14          
  15          /******************** 主函数 **************************/
  16          void main(void)
  17          {
  18   1              UartInit();
  19   1              Uart2SendString("serial ready\r\n");
  20   1              delay_ms(200);
  21   1              //以下分别读0xc0,0xc1,0xc2寄存器的值，读出来应该是0xEE,0xAA,0x10
  22   1              val = VL53L0X_Read_Byte(IDENTIFICATION_REVISION_ID-2);
  23   1              sprintf(buf,"c0=%x\r\n",val);
  24   1              Uart2SendString(buf);
  25   1              val = VL53L0X_Read_Byte(IDENTIFICATION_REVISION_ID-1);
  26   1              sprintf(buf,"c1=%x\r\n",val);
  27   1              Uart2SendString(buf);
  28   1              val = VL53L0X_Read_Byte(IDENTIFICATION_REVISION_ID);
  29   1              sprintf(buf,"c2=%x\r\n",val);
  30   1              Uart2SendString(buf);
  31   1      
  32   1              VL53L0X_init(1);
  33   1              startContinuous(0);
  34   1                       
  35   1                      
  36   1              while(1)
  37   1              {
  38   2                      /*VL53L0X_Write_Byte(SYSRANGE_START, 0x01);
  39   2                       cnt = 0;
  40   2                       while(cnt <100)
  41   2                       {
  42   2                                      delay_ms(10);
  43   2                                      val = VL53L0X_Read_Byte(RESULT_RANGE_STATUS);
  44   2                                      if( val & 0x01) break;
  45   2                                      cnt++;
  46   2                       }
  47   2              
  48   2                       if(!(val & 0x01))Uart2SendString("\r\nnot readey \r\n");
  49   2                                      
  50   2                      VL53L0X_Read_Len(VL53L0X_Add, 0x14 , 12, gbuf);
  51   2                      
  52   2                      count[0] = makeuint16(gbuf[7], gbuf[6]);
  53   2                      count[1] = makeuint16(gbuf[9], gbuf[8]);
  54   2                      count[2] = makeuint16(gbuf[11], gbuf[10]);
C51 COMPILER V9.00   MAIN                                                                  10/14/2017 10:05:16 PAGE 2   

  55   2                      DeviceRangeStatusInternal = ((gbuf[0] & 0x78) >> 3);
  56   2                      sprintf(buf,"dis =%d\r\n",count[2]);
  57   2                      Uart2SendString(buf); */
  58   2                      //先用轮训来读，后续改为使用中断来读
  59   2                      val = readRangeContinuousMillimeters();
  60   2                      sprintf(buf,"val =%d\r\n",val);
  61   2                      Uart2SendString(buf);
  62   2                      //delay_ms(1000); 
  63   2              }
  64   1      }
  65          
  66          
  67          
  68          


MODULE INFORMATION:   STATIC OVERLAYABLE
   CODE SIZE        =    211    ----
   CONSTANT SIZE    =     49    ----
   XDATA SIZE       =     32    ----
   PDATA SIZE       =   ----    ----
   DATA SIZE        =   ----    ----
   IDATA SIZE       =   ----    ----
   BIT SIZE         =   ----    ----
END OF MODULE INFORMATION.


C51 COMPILATION COMPLETE.  0 WARNING(S),  0 ERROR(S)
